<?xml version="1.0" encoding="UTF-8"?>
<!-- Generated by org.testng.reporters.JUnitReportReporter -->
<testsuite hostname="172-16-212-246.DYNAPOOL.NYU.EDU" name="com.ems.springmvc.dao.EmployeeDaoImplTest" tests="6" failures="0" timestamp="7 Sep 2015 00:48:50 GMT" time="0.584" errors="0">
  <testcase name="findEmployeeBySsn" time="0.206" classname="com.ems.springmvc.dao.EmployeeDaoImplTest"/>
  <testcase name="deleteEmployeeByInvalidSsn" time="0.226" classname="com.ems.springmvc.dao.EmployeeDaoImplTest"/>
  <testcase name="findAllEmployees" time="0.056" classname="com.ems.springmvc.dao.EmployeeDaoImplTest"/>
  <testcase name="findById" time="0.033" classname="com.ems.springmvc.dao.EmployeeDaoImplTest"/>
  <testcase name="deleteEmployeeBySsn" time="0.022" classname="com.ems.springmvc.dao.EmployeeDaoImplTest"/>
  <testcase name="saveEmployee" time="0.041" classname="com.ems.springmvc.dao.EmployeeDaoImplTest"/>
</testsuite> <!-- com.ems.springmvc.dao.EmployeeDaoImplTest -->
