<?xml version="1.0" encoding="UTF-8"?>
<!-- Generated by org.testng.reporters.JUnitReportReporter -->
<testsuite hostname="172-16-212-246.DYNAPOOL.NYU.EDU" name="com.ems.springmvc.service.EmployeeServiceImplTest" tests="7" failures="0" timestamp="7 Sep 2015 00:48:50 GMT" time="0.002" errors="0">
  <testcase name="updateEmployee" time="0.000" classname="com.ems.springmvc.service.EmployeeServiceImplTest"/>
  <testcase name="findEmployeeBySsn" time="0.000" classname="com.ems.springmvc.service.EmployeeServiceImplTest"/>
  <testcase name="findById" time="0.000" classname="com.ems.springmvc.service.EmployeeServiceImplTest"/>
  <testcase name="saveEmployee" time="0.000" classname="com.ems.springmvc.service.EmployeeServiceImplTest"/>
  <testcase name="deleteEmployeeBySsn" time="0.001" classname="com.ems.springmvc.service.EmployeeServiceImplTest"/>
  <testcase name="isEmployeeSsnUnique" time="0.001" classname="com.ems.springmvc.service.EmployeeServiceImplTest"/>
  <testcase name="findAllEmployees" time="0.000" classname="com.ems.springmvc.service.EmployeeServiceImplTest"/>
</testsuite> <!-- com.ems.springmvc.service.EmployeeServiceImplTest -->
