<?xml version="1.0" encoding="UTF-8"?>
<!-- Generated by org.testng.reporters.JUnitReportReporter -->
<testsuite hostname="172-16-212-246.DYNAPOOL.NYU.EDU" name="com.ems.springmvc.controller.AppControllerTest" tests="10" failures="0" timestamp="7 Sep 2015 00:48:50 GMT" time="0.082" errors="0">
  <testcase name="newEmployee" time="0.001" classname="com.ems.springmvc.controller.AppControllerTest"/>
  <testcase name="saveEmployeeWithValidationErrorNonUniqueSSN" time="0.001" classname="com.ems.springmvc.controller.AppControllerTest"/>
  <testcase name="updateEmployeeWithValidationErrorNonUniqueSSN" time="0.001" classname="com.ems.springmvc.controller.AppControllerTest"/>
  <testcase name="updateEmployeeWithSuccess" time="0.001" classname="com.ems.springmvc.controller.AppControllerTest"/>
  <testcase name="listEmployees" time="0.021" classname="com.ems.springmvc.controller.AppControllerTest"/>
  <testcase name="updateEmployeeWithValidationError" time="0.001" classname="com.ems.springmvc.controller.AppControllerTest"/>
  <testcase name="saveEmployeeWithSuccess" time="0.002" classname="com.ems.springmvc.controller.AppControllerTest"/>
  <testcase name="deleteEmployee" time="0.022" classname="com.ems.springmvc.controller.AppControllerTest"/>
  <testcase name="editEmployee" time="0.031" classname="com.ems.springmvc.controller.AppControllerTest"/>
  <testcase name="saveEmployeeWithValidationError" time="0.001" classname="com.ems.springmvc.controller.AppControllerTest"/>
</testsuite> <!-- com.ems.springmvc.controller.AppControllerTest -->
